#
# A fatal error has been detected by the Java Runtime Environment:
#
#  EXCEPTION_ACCESS_VIOLATION (0xc0000005) at pc=0x7251c587, pid=26556, tid=0x00007ca8
#
# JRE version: Java(TM) SE Runtime Environment (8.0) (build 1.8.0_481-b10)
# Java VM: Java HotSpot(TM) Client VM (25.481-b10 mixed mode windows-x86 )
# Problematic frame:
# V  [jvm.dll+0xbc587]
#
# Failed to write core dump. Minidumps are not enabled by default on client versions of Windows
#
# If you would like to submit a bug report, please visit:
#   https://bugreport.java.com/bugreport/crash.jsp
#

---------------  T H R E A D  ---------------

Current thread (0x00da3800):  VMThread [stack: 0x04980000,0x049d0000] [id=31912]

siginfo: ExceptionCode=0xc0000005, reading address 0x15e54b18

Registers:
EAX=0x15d8a880, EBX=0x00000056, ECX=0x15d8a310, EDX=0x00019452
ESP=0x049cf12c, EBP=0x049cf12c, ESI=0x049cf5d8, EDI=0x049cf6e4
EIP=0x7251c587, EFLAGS=0x00010212

Top of Stack: (sp=0x049cf12c)
0x049cf12c:   049cf57c 725219ac 0000ca29 00000000
0x049cf13c:   049cf6e4 049cf5d8 00000056 72768a7c
0x049cf14c:   00d152e0 00000002 00000000 0000000c
0x049cf15c:   049cf164 00000001 4fffffff 2fffffff
0x049cf16c:   2fffffff 72768a7c 151491b0 00000014
0x049cf17c:   00000000 0000000c 049cf18c 00000002
0x049cf18c:   4fffffff 4fffffff 2fffffff 2fffffff
0x049cf19c:   2fffffff 159241e8 159241f8 00000000 

Instructions: (pc=0x7251c587)
0x7251c567:   f7 d2 03 d2 0f b7 44 d0 08 0f bf 44 81 2e 0f b7
0x7251c577:   c0 0f b7 44 81 2e 8b 44 81 2c 5d c2 08 00 03 d2
0x7251c587:   0f b7 54 d0 08 eb 07 8b 41 04 8a 44 10 04 0f bf
0x7251c597:   44 91 2e 0f b7 c0 0f b7 44 81 2e 8b 44 81 2c 5d 


Register to memory mapping:

EAX=0x15d8a880 is pointing into metadata
EBX=0x00000056 is an unknown value
ECX=0x15d8a310 is pointing into metadata
EDX=0x00019452 is an unknown value
ESP=0x049cf12c is an unknown value
EBP=0x049cf12c is an unknown value
ESI=0x049cf5d8 is an unknown value
EDI=0x049cf6e4 is an unknown value


Stack: [0x04980000,0x049d0000],  sp=0x049cf12c,  free space=316k
Native frames: (J=compiled Java code, j=interpreted, Vv=VM code, C=native code)
V  [jvm.dll+0xbc587]
V  [jvm.dll+0xc19ac]
V  [jvm.dll+0xc2adf]
V  [jvm.dll+0xc3062]
V  [jvm.dll+0xc184f]
V  [jvm.dll+0xc0c55]
V  [jvm.dll+0x91c55]
V  [jvm.dll+0x926cc]
V  [jvm.dll+0xcae81]
V  [jvm.dll+0xdf504]
V  [jvm.dll+0x132c9c]
V  [jvm.dll+0x19a6f9]
V  [jvm.dll+0x1991e8]
V  [jvm.dll+0x1998d2]
V  [jvm.dll+0x199b49]
V  [jvm.dll+0x1da72b]
C  [ucrtbase.dll+0x7e9eb]
C  [KERNEL32.DLL+0x15d49]
C  [ntdll.dll+0x6d83b]
C  [ntdll.dll+0x6d7c1]

VM_Operation (0x1567f618): GetOrSetLocal, mode: safepoint, requested by thread 0x150ce800


---------------  P R O C E S S  ---------------

Java Threads: ( => current thread )
  0x00cf0c00 JavaThread "DestroyJavaVM" [_thread_blocked, id=32096, stack(0x00f80000,0x00fd0000)]
  0x15976800 JavaThread "AWT-EventQueue-0" [_thread_blocked, id=19840, stack(0x15fa0000,0x15ff0000)]
  0x1596bc00 JavaThread "AWT-Windows" daemon [_thread_in_native, id=4188, stack(0x15f10000,0x15f60000)]
  0x1596ac00 JavaThread "AWT-Shutdown" [_thread_blocked, id=25624, stack(0x15e80000,0x15ed0000)]
  0x15966000 JavaThread "Java2D Disposer" daemon [_thread_blocked, id=34928, stack(0x15df0000,0x15e40000)]
  0x1580f800 JavaThread "Service Thread" daemon [_thread_blocked, id=20368, stack(0x15a70000,0x15ac0000)]
  0x157ddc00 JavaThread "C1 CompilerThread0" daemon [_thread_blocked, id=29704, stack(0x159e0000,0x15a30000)]
  0x150d7400 JavaThread "JDWP Command Reader" daemon [_thread_in_native, id=27032, stack(0x15750000,0x157a0000)]
  0x150cf800 JavaThread "JDWP Event Helper Thread" daemon [_thread_blocked, id=30332, stack(0x156c0000,0x15710000)]
  0x150ce800 JavaThread "JDWP Transport Listener: dt_socket" daemon [_thread_blocked, id=16720, stack(0x15630000,0x15680000)]
  0x150b3000 JavaThread "Attach Listener" daemon [_thread_blocked, id=34028, stack(0x15260000,0x152b0000)]
  0x150be400 JavaThread "Signal Dispatcher" daemon [_thread_blocked, id=34256, stack(0x14fc0000,0x15010000)]
  0x00dbcc00 JavaThread "Finalizer" daemon [_thread_blocked, id=17876, stack(0x14f30000,0x14f80000)]
  0x00da9c00 JavaThread "Reference Handler" daemon [_thread_blocked, id=34312, stack(0x14ea0000,0x14ef0000)]

Other Threads:
=>0x00da3800 VMThread [stack: 0x04980000,0x049d0000] [id=31912]
  0x1583fc00 WatcherThread [stack: 0x15b00000,0x15b50000] [id=10752]

VM state:at safepoint (normal execution)

VM Mutex/Monitor currently owned by a thread:  ([mutex/lock_event])
[0x00cef498] Threads_lock - owner thread: 0x00da3800

Heap:
 def new generation   total 4928K, used 1650K [0x04a00000, 0x04f50000, 0x09f50000)
  eden space 4416K,  25% used [0x04a00000, 0x04b1d220, 0x04e50000)
  from space 512K,  99% used [0x04e50000, 0x04ecf890, 0x04ed0000)
  to   space 512K,   0% used [0x04ed0000, 0x04ed0000, 0x04f50000)
 tenured generation   total 10944K, used 996K [0x09f50000, 0x0aa00000, 0x14a00000)
   the space 10944K,   9% used [0x09f50000, 0x0a049240, 0x0a049400, 0x0aa00000)
 Metaspace       used 6014K, capacity 6190K, committed 6272K, reserved 6528K

Card table byte_map: [0x04850000,0x048e0000] byte_map_base: 0x0482b000

Polling page: 0x00fe0000

CodeCache: size=32768Kb used=845Kb max_used=845Kb free=31922Kb
 bounds [0x027d0000, 0x028a8000, 0x047d0000]
 total_blobs=333 nmethods=151 adapters=121
 compilation: enabled

Compilation events (10 events):
Event: 0.293 Thread 0x157ddc00  147             java.lang.Object::equals (11 bytes)
Event: 0.293 Thread 0x157ddc00 nmethod 147 0x028a0dc8 code [0x028a0ec0, 0x028a0f50]
Event: 0.295 Thread 0x157ddc00  148             java.util.HashMap::getNode (148 bytes)
Event: 0.295 Thread 0x157ddc00 nmethod 148 0x028a0f88 code [0x028a10c0, 0x028a1314]
Event: 0.295 Thread 0x157ddc00  149             java.lang.String::toLowerCase (439 bytes)
Event: 0.296 Thread 0x157ddc00 nmethod 149 0x028a1548 code [0x028a1750, 0x028a1fd0]
Event: 0.299 Thread 0x157ddc00  150             java.util.HashMap::get (23 bytes)
Event: 0.299 Thread 0x157ddc00 nmethod 150 0x028a30c8 code [0x028a31e0, 0x028a32e8]
Event: 98.760 Thread 0x157ddc00  151             org.eclipse.jdt.launching.internal.org.objectweb.asm.ClassReader::readUnsignedShort (26 bytes)
Event: 98.760 Thread 0x157ddc00 nmethod 151 0x028a33c8 code [0x028a34c0, 0x028a3590]

GC Heap History (4 events):
Event: 0.192 GC heap before
{Heap before GC invocations=0 (full 0):
 def new generation   total 4928K, used 4416K [0x04a00000, 0x04f50000, 0x09f50000)
  eden space 4416K, 100% used [0x04a00000, 0x04e50000, 0x04e50000)
  from space 512K,   0% used [0x04e50000, 0x04e50000, 0x04ed0000)
  to   space 512K,   0% used [0x04ed0000, 0x04ed0000, 0x04f50000)
 tenured generation   total 10944K, used 0K [0x09f50000, 0x0aa00000, 0x14a00000)
   the space 10944K,   0% used [0x09f50000, 0x09f50000, 0x09f50200, 0x0aa00000)
 Metaspace       used 3267K, capacity 3312K, committed 3392K, reserved 4480K
Event: 0.194 GC heap after
Heap after GC invocations=1 (full 0):
 def new generation   total 4928K, used 512K [0x04a00000, 0x04f50000, 0x09f50000)
  eden space 4416K,   0% used [0x04a00000, 0x04a00000, 0x04e50000)
  from space 512K, 100% used [0x04ed0000, 0x04f50000, 0x04f50000)
  to   space 512K,   0% used [0x04e50000, 0x04e50000, 0x04ed0000)
 tenured generation   total 10944K, used 439K [0x09f50000, 0x0aa00000, 0x14a00000)
   the space 10944K,   4% used [0x09f50000, 0x09fbde90, 0x09fbe000, 0x0aa00000)
 Metaspace       used 3267K, capacity 3312K, committed 3392K, reserved 4480K
}
Event: 0.282 GC heap before
{Heap before GC invocations=1 (full 0):
 def new generation   total 4928K, used 4901K [0x04a00000, 0x04f50000, 0x09f50000)
  eden space 4416K,  99% used [0x04a00000, 0x04e49780, 0x04e50000)
  from space 512K, 100% used [0x04ed0000, 0x04f50000, 0x04f50000)
  to   space 512K,   0% used [0x04e50000, 0x04e50000, 0x04ed0000)
 tenured generation   total 10944K, used 439K [0x09f50000, 0x0aa00000, 0x14a00000)
   the space 10944K,   4% used [0x09f50000, 0x09fbde90, 0x09fbe000, 0x0aa00000)
 Metaspace       used 5342K, capacity 5530K, committed 5632K, reserved 6528K
Event: 0.284 GC heap after
Heap after GC invocations=2 (full 0):
 def new generation   total 4928K, used 510K [0x04a00000, 0x04f50000, 0x09f50000)
  eden space 4416K,   0% used [0x04a00000, 0x04a00000, 0x04e50000)
  from space 512K,  99% used [0x04e50000, 0x04ecf890, 0x04ed0000)
  to   space 512K,   0% used [0x04ed0000, 0x04ed0000, 0x04f50000)
 tenured generation   total 10944K, used 996K [0x09f50000, 0x0aa00000, 0x14a00000)
   the space 10944K,   9% used [0x09f50000, 0x0a049240, 0x0a049400, 0x0aa00000)
 Metaspace       used 5342K, capacity 5530K, committed 5632K, reserved 6528K
}

Deoptimization events (0 events):
No events

Classes redefined (2 events):
Event: 98.761 Thread 0x00da3800 redefined class name=textScaffolder.TextScaffolder$1, count=1
Event: 98.761 Thread 0x00da3800 redefined class name=textScaffolder.TextScaffolder, count=1

Internal exceptions (8 events):
Event: 0.019 Thread 0x00cf0c00 Exception <a 'java/lang/NoSuchMethodError': Method sun.misc.Unsafe.defineClass(Ljava/lang/String;[BII)Ljava/lang/Class; name or signature does not match> (0x04a06ec8) thrown at [C:\jenkins\workspace\8-2-build-windows-i586-cygwin-sans-NAS\jdk8u481\2490\hot
Event: 0.019 Thread 0x00cf0c00 Exception <a 'java/lang/NoSuchMethodError': Method sun.misc.Unsafe.prefetchRead(Ljava/lang/Object;J)V name or signature does not match> (0x04a07198) thrown at [C:\jenkins\workspace\8-2-build-windows-i586-cygwin-sans-NAS\jdk8u481\2490\hotspot\src\share\vm\
Event: 0.222 Thread 0x00cf0c00 Exception <a 'java/security/PrivilegedActionException'> (0x04b7b138) thrown at [C:\jenkins\workspace\8-2-build-windows-i586-cygwin-sans-NAS\jdk8u481\2490\hotspot\src\share\vm\prims\jvm.cpp, line 1513]
Event: 0.222 Thread 0x00cf0c00 Exception <a 'java/security/PrivilegedActionException'> (0x04b7b338) thrown at [C:\jenkins\workspace\8-2-build-windows-i586-cygwin-sans-NAS\jdk8u481\2490\hotspot\src\share\vm\prims\jvm.cpp, line 1513]
Event: 0.225 Thread 0x00cf0c00 Exception <a 'java/io/FileNotFoundException'> (0x04b85108) thrown at [C:\jenkins\workspace\8-2-build-windows-i586-cygwin-sans-NAS\jdk8u481\2490\hotspot\src\share\vm\prims\jni.cpp, line 710]
Event: 0.240 Thread 0x00cf0c00 Exception <a 'java/lang/NoSuchFieldError': method resolution failed> (0x04c9dfd0) thrown at [C:\jenkins\workspace\8-2-build-windows-i586-cygwin-sans-NAS\jdk8u481\2490\hotspot\src\share\vm\prims\methodHandles.cpp, line 1184]
Event: 0.242 Thread 0x00cf0c00 Exception <a 'java/lang/NoSuchFieldError': method resolution failed> (0x04cab108) thrown at [C:\jenkins\workspace\8-2-build-windows-i586-cygwin-sans-NAS\jdk8u481\2490\hotspot\src\share\vm\prims\methodHandles.cpp, line 1184]
Event: 0.278 Thread 0x15976800 Exception <a 'java/io/FileNotFoundException'> (0x04e36298) thrown at [C:\jenkins\workspace\8-2-build-windows-i586-cygwin-sans-NAS\jdk8u481\2490\hotspot\src\share\vm\prims\jni.cpp, line 710]

Events (10 events):
Event: 101.369 Executing VM operation: GetOwnedMonitorInfo done
Event: 101.369 Executing VM operation: GetCurrentContendedMonitor
Event: 101.369 Executing VM operation: GetCurrentContendedMonitor done
Event: 101.407 Executing VM operation: GetCurrentContendedMonitor
Event: 101.407 Executing VM operation: GetCurrentContendedMonitor done
Event: 101.407 Executing VM operation: GetOwnedMonitorInfo
Event: 101.407 Executing VM operation: GetOwnedMonitorInfo done
Event: 101.409 Executing VM operation: GetFrameLocation
Event: 101.409 Executing VM operation: GetFrameLocation done
Event: 101.409 Executing VM operation: GetOrSetLocal


Dynamic libraries:
0x001e0000 - 0x00223000 	C:\Program Files (x86)\Java\jre1.8.0_481\bin\javaw.exe
0x77170000 - 0x7732f000 	C:\WINDOWS\SYSTEM32\ntdll.dll
0x76550000 - 0x76640000 	C:\WINDOWS\System32\KERNEL32.DLL
0x768b0000 - 0x76b7a000 	C:\WINDOWS\System32\KERNELBASE.dll
0x75b70000 - 0x75bf2000 	C:\WINDOWS\System32\ADVAPI32.dll
0x76460000 - 0x76527000 	C:\WINDOWS\System32\msvcrt.dll
0x75ab0000 - 0x75b33000 	C:\WINDOWS\System32\sechost.dll
0x747b0000 - 0x7486c000 	C:\WINDOWS\System32\RPCRT4.dll
0x76ba0000 - 0x76d6f000 	C:\WINDOWS\System32\USER32.dll
0x76530000 - 0x7654a000 	C:\WINDOWS\System32\win32u.dll
0x75b40000 - 0x75b62000 	C:\WINDOWS\System32\GDI32.dll
0x745a0000 - 0x7468b000 	C:\WINDOWS\System32\gdi32full.dll
0x76e70000 - 0x76ef5000 	C:\WINDOWS\System32\msvcp_win.dll
0x76f90000 - 0x770a0000 	C:\WINDOWS\System32\ucrtbase.dll
0x73170000 - 0x73399000 	C:\WINDOWS\WinSxS\x86_microsoft.windows.common-controls_6595b64144ccf1df_6.0.26100.8115_none_85b49359f7b178a2\COMCTL32.dll
0x753d0000 - 0x753f5000 	C:\WINDOWS\System32\IMM32.DLL
0x73900000 - 0x73915000 	C:\Program Files (x86)\Java\jre1.8.0_481\bin\vcruntime140.dll
0x73890000 - 0x738fd000 	C:\Program Files (x86)\Java\jre1.8.0_481\bin\msvcp140.dll
0x72460000 - 0x72861000 	C:\Program Files (x86)\Java\jre1.8.0_481\bin\client\jvm.dll
0x76e60000 - 0x76e66000 	C:\WINDOWS\System32\PSAPI.DLL
0x74260000 - 0x74268000 	C:\WINDOWS\SYSTEM32\WSOCK32.dll
0x73670000 - 0x73678000 	C:\WINDOWS\SYSTEM32\VERSION.dll
0x74740000 - 0x747a9000 	C:\WINDOWS\System32\WS2_32.dll
0x73850000 - 0x73883000 	C:\WINDOWS\SYSTEM32\WINMM.dll
0x744b0000 - 0x744c5000 	C:\WINDOWS\SYSTEM32\kernel.appcore.dll
0x73cd0000 - 0x73cdd000 	C:\Program Files (x86)\Java\jre1.8.0_481\bin\verify.dll
0x737e0000 - 0x73804000 	C:\Program Files (x86)\Java\jre1.8.0_481\bin\java.dll
0x737b0000 - 0x737dc000 	C:\Program Files (x86)\Java\jre1.8.0_481\bin\jdwp.dll
0x73960000 - 0x73967000 	C:\Program Files (x86)\Java\jre1.8.0_481\bin\npt.dll
0x73760000 - 0x73790000 	C:\Program Files (x86)\Java\jre1.8.0_481\bin\instrument.dll
0x73830000 - 0x73846000 	C:\Program Files (x86)\Java\jre1.8.0_481\bin\zip.dll
0x74c10000 - 0x7524a000 	C:\WINDOWS\System32\SHELL32.dll
0x76650000 - 0x76749000 	C:\WINDOWS\System32\wintypes.dll
0x74970000 - 0x74c02000 	C:\WINDOWS\System32\combase.dll
0x75d10000 - 0x763f4000 	C:\WINDOWS\System32\windows.storage.dll
0x76d80000 - 0x76e52000 	C:\WINDOWS\System32\SHCORE.dll
0x76400000 - 0x76452000 	C:\WINDOWS\System32\shlwapi.dll
0x74310000 - 0x7432d000 	C:\WINDOWS\SYSTEM32\profapi.dll
0x73750000 - 0x73759000 	C:\Program Files (x86)\Java\jre1.8.0_481\bin\dt_socket.dll
0x73730000 - 0x73742000 	C:\WINDOWS\system32\napinsp.dll
0x73450000 - 0x734a4000 	C:\WINDOWS\System32\mswsock.dll
0x72e50000 - 0x72f3b000 	C:\WINDOWS\SYSTEM32\DNSAPI.dll
0x73a00000 - 0x73a25000 	C:\WINDOWS\SYSTEM32\IPHLPAPI.DLL
0x74960000 - 0x74967000 	C:\WINDOWS\System32\NSI.dll
0x73710000 - 0x7371f000 	C:\WINDOWS\System32\winrnr.dll
0x736f0000 - 0x73709000 	C:\WINDOWS\system32\nlansp_c.dll
0x736d0000 - 0x736e2000 	C:\WINDOWS\system32\wshbth.dll
0x72150000 - 0x721b2000 	C:\WINDOWS\System32\fwpuclnt.dll
0x73940000 - 0x73948000 	C:\Windows\System32\rasadhlp.dll
0x72cc0000 - 0x72e0e000 	C:\Program Files (x86)\Java\jre1.8.0_481\bin\awt.dll
0x74690000 - 0x7472f000 	C:\WINDOWS\System32\OLEAUT32.dll
0x72b40000 - 0x72bee000 	C:\WINDOWS\SYSTEM32\apphelp.dll
0x73970000 - 0x739f0000 	C:\WINDOWS\system32\uxtheme.dll
0x75920000 - 0x75a38000 	C:\WINDOWS\System32\MSCTF.dll
0x76750000 - 0x768a3000 	C:\WINDOWS\System32\ole32.dll
0x748e0000 - 0x74954000 	C:\WINDOWS\System32\bcryptPrimitives.dll
0x736a0000 - 0x736c6000 	C:\WINDOWS\system32\DWMAPI.DLL
0x73520000 - 0x73605000 	C:\WINDOWS\system32\opengl32.dll
0x733e0000 - 0x73422000 	C:\WINDOWS\SYSTEM32\GLU32.dll
0x733a0000 - 0x733d6000 	C:\WINDOWS\SYSTEM32\dxcore.dll
0x72270000 - 0x72450000 	C:\WINDOWS\SYSTEM32\dbghelp.dll

VM Arguments:
jvm_args: -agentlib:jdwp=transport=dt_socket,suspend=y,address=localhost:49678 -javaagent:C:\Users\Lydia\eclipse\java-2025-12\eclipse\configuration\org.eclipse.osgi\634\0\.cp\lib\javaagent-shaded.jar -Dfile.encoding=UTF-8 -Dstdout.encoding=UTF-8 -Dstderr.encoding=UTF-8 
java_command: textScaffolder.TextScaffolder
java_class_path (initial): C:\Users\Lydia\eclipse-workspace\CS1410_TeamAssignment\bin;C:\Users\Lydia\eclipse-workspace\CS1410_TeamAssignment\com.jgoodies.common_1.8.1.v20240327-0800.jar;C:\Users\Lydia\eclipse-workspace\CS1410_TeamAssignment\com.jgoodies.forms_1.9.0.v20240327-0800.jar;C:\Users\Lydia\eclipse\java-2025-12\eclipse\configuration\org.eclipse.osgi\634\0\.cp\lib\javaagent-shaded.jar
Launcher Type: SUN_STANDARD

Environment Variables:
PATH=C:/Users/Lydia/.p2/pool/plugins/org.eclipse.justj.openjdk.hotspot.jre.full.win32.x86_64_21.0.9.v20251105-0741/jre/bin/server;C:/Users/Lydia/.p2/pool/plugins/org.eclipse.justj.openjdk.hotspot.jre.full.win32.x86_64_21.0.9.v20251105-0741/jre/bin;C:\Program Files\Common Files\Oracle\Java\javapath;C:\Program Files (x86)\Common Files\Oracle\Java\java8path;C:\Program Files (x86)\Common Files\Oracle\Java\javapath;C:\WINDOWS\system32;C:\WINDOWS;C:\WINDOWS\System32\Wbem;C:\WINDOWS\System32\WindowsPowerShell\v1.0\;C:\WINDOWS\System32\OpenSSH\;C:\Program Files\dotnet\;C:\Program Files (x86)\NVIDIA Corporation\PhysX\Common;C:\Program Files\NVIDIA Corporation\NVIDIA App\NvDLISR;C:\Program Files\Microsoft VS Code\bin;C:\Program Files\Microsoft SQL Server\170\Tools\Binn\;C:\Program Files\Microsoft SQL Server\Client SDK\ODBC\170\Tools\Binn\;C:\Program Files\Git\cmd;C:\Users\Lydia\AppData\Local\Microsoft\WindowsApps;C:\Users\Lydia\AppData\Local\GitHubDesktop\bin;C:\Users\Lydia\.dotnet\tools;C:\Users\Lydia\AppData\Local\Python\bin;C:\WINDOWS\system32;
USERNAME=Lydia
OS=Windows_NT
PROCESSOR_IDENTIFIER=Intel64 Family 6 Model 186 Stepping 2, GenuineIntel



---------------  S Y S T E M  ---------------

OS: Windows 11 , 64 bit Build 26100 (10.0.26100.8246)

CPU:total 16 (initial active 16) (8 cores per cpu, 2 threads per core) family 6 model 186 stepping 2, cmov, cx8, fxsr, mmx, sse, sse2, sse3, ssse3, sse4.1, sse4.2, popcnt, avx, avx2, aes, clmul, erms, 3dnowpref, lzcnt, ht, tsc, tscinvbit, bmi1, bmi2, adx

Memory: 4k page, physical 16470736k(1583748k free), swap 47928016k(12215420k free)

vm_info: Java HotSpot(TM) Client VM (25.481-b10) for windows-x86 JRE (1.8.0_481-b10), built on Dec 18 2025 14:31:53 by "java_re" with MS VC++ 17.6 (VS2022)

time: Thu May  7 18:29:25 2026
timezone: Mountain Daylight Time
elapsed time: 101.423159 seconds (0d 0h 1m 41s)

