#
# A fatal error has been detected by the Java Runtime Environment:
#
#  EXCEPTION_ACCESS_VIOLATION (0xc0000005) at pc=0x7251c587, pid=4772, tid=0x000088e8
#
# JRE version: Java(TM) SE Runtime Environment (8.0) (build 1.8.0_481-b10)
# Java VM: Java HotSpot(TM) Client VM (25.481-b10 mixed mode windows-x86 )
# Problematic frame:
# V  [jvm.dll+0xbc587]
#
# Failed to write core dump. Minidumps are not enabled by default on client versions of Windows
#
# If you would like to submit a bug report, please visit:
#   https://bugreport.java.com/bugreport/crash.jsp
#

---------------  T H R E A D  ---------------

Current thread (0x00c23800):  VMThread [stack: 0x14c60000,0x14cb0000] [id=35048]

siginfo: ExceptionCode=0xc0000005, reading address 0x15c84a00

Registers:
EAX=0x15bba778, EBX=0x00000049, ECX=0x15bba230, EDX=0x00019450
ESP=0x14caeb8c, EBP=0x14caeb8c, ESI=0x14caf038, EDI=0x14caf144
EIP=0x7251c587, EFLAGS=0x00010216

Top of Stack: (sp=0x14caeb8c)
0x14caeb8c:   14caefdc 725219ac 0000ca28 00000000
0x14caeb9c:   14caf144 14caf038 00000049 72768a7c
0x14caebac:   00b951a8 00000002 00000000 0000000c
0x14caebbc:   14caebc4 00000001 4fffffff 4fffffff
0x14caebcc:   72521b0d 72768a7c 14f3ce88 00000014
0x14caebdc:   00000000 0000000c 14caebec 00000002
0x14caebec:   4fffffff 4fffffff 2fffffff 2fffffff
0x14caebfc:   2fffffff 00b4c6d0 00b4c6e0 00000000 

Instructions: (pc=0x7251c587)
0x7251c567:   f7 d2 03 d2 0f b7 44 d0 08 0f bf 44 81 2e 0f b7
0x7251c577:   c0 0f b7 44 81 2e 8b 44 81 2c 5d c2 08 00 03 d2
0x7251c587:   0f b7 54 d0 08 eb 07 8b 41 04 8a 44 10 04 0f bf
0x7251c597:   44 91 2e 0f b7 c0 0f b7 44 81 2e 8b 44 81 2c 5d 


Register to memory mapping:

EAX=0x15bba778 is pointing into metadata
EBX=0x00000049 is an unknown value
ECX=0x15bba230 is pointing into metadata
EDX=0x00019450 is an unknown value
ESP=0x14caeb8c is an unknown value
EBP=0x14caeb8c is an unknown value
ESI=0x14caf038 is an unknown value
EDI=0x14caf144 is an unknown value


Stack: [0x14c60000,0x14cb0000],  sp=0x14caeb8c,  free space=314k
Native frames: (J=compiled Java code, j=interpreted, Vv=VM code, C=native code)
V  [jvm.dll+0xbc587]
V  [jvm.dll+0xc19ac]
V  [jvm.dll+0xc2adf]
V  [jvm.dll+0xc3062]
V  [jvm.dll+0xc184f]
V  [jvm.dll+0xc0c55]
V  [jvm.dll+0x91c55]
V  [jvm.dll+0x926cc]
V  [jvm.dll+0xcae81]
V  [jvm.dll+0xdf504]
V  [jvm.dll+0x132c9c]
V  [jvm.dll+0x19a6f9]
V  [jvm.dll+0x1991e8]
V  [jvm.dll+0x1998d2]
V  [jvm.dll+0x199b49]
V  [jvm.dll+0x1da72b]
C  [ucrtbase.dll+0x7e9eb]
C  [KERNEL32.DLL+0x15d49]
C  [ntdll.dll+0x6d83b]
C  [ntdll.dll+0x6d7c1]

VM_Operation (0x154afb58): GetOrSetLocal, mode: safepoint, requested by thread 0x14eb9400


---------------  P R O C E S S  ---------------

Java Threads: ( => current thread )
  0x00b70c00 JavaThread "DestroyJavaVM" [_thread_blocked, id=5660, stack(0x025c0000,0x02610000)]
  0x157ad000 JavaThread "AWT-EventQueue-0" [_thread_blocked, id=1604, stack(0x15dd0000,0x15e20000)]
  0x157a0400 JavaThread "AWT-Windows" daemon [_thread_in_native, id=36648, stack(0x15d40000,0x15d90000)]
  0x1579f000 JavaThread "AWT-Shutdown" [_thread_blocked, id=11280, stack(0x15cb0000,0x15d00000)]
  0x1579dc00 JavaThread "Java2D Disposer" daemon [_thread_blocked, id=3632, stack(0x15c20000,0x15c70000)]
  0x15624800 JavaThread "Service Thread" daemon [_thread_blocked, id=27388, stack(0x158a0000,0x158f0000)]
  0x15625400 JavaThread "C1 CompilerThread0" daemon [_thread_blocked, id=34944, stack(0x15810000,0x15860000)]
  0x14ec0400 JavaThread "JDWP Command Reader" daemon [_thread_in_native, id=5744, stack(0x15580000,0x155d0000)]
  0x14ebe800 JavaThread "JDWP Event Helper Thread" daemon [_thread_blocked, id=27896, stack(0x154f0000,0x15540000)]
  0x14eb9400 JavaThread "JDWP Transport Listener: dt_socket" daemon [_thread_blocked, id=8024, stack(0x15460000,0x154b0000)]
  0x14ead800 JavaThread "Attach Listener" daemon [_thread_blocked, id=15576, stack(0x15090000,0x150e0000)]
  0x14eacc00 JavaThread "Signal Dispatcher" daemon [_thread_blocked, id=35708, stack(0x14dd0000,0x14e20000)]
  0x00c30400 JavaThread "Finalizer" daemon [_thread_blocked, id=18296, stack(0x14d40000,0x14d90000)]
  0x00c2a000 JavaThread "Reference Handler" daemon [_thread_blocked, id=23128, stack(0x14cb0000,0x14d00000)]

Other Threads:
=>0x00c23800 VMThread [stack: 0x14c60000,0x14cb0000] [id=35048]
  0x1566f800 WatcherThread [stack: 0x15930000,0x15980000] [id=4136]

VM state:at safepoint (normal execution)

VM Mutex/Monitor currently owned by a thread:  ([mutex/lock_event])
[0x00b6f2c8] Threads_lock - owner thread: 0x00c23800

Heap:
 def new generation   total 4928K, used 1623K [0x04800000, 0x04d50000, 0x09d50000)
  eden space 4416K,  25% used [0x04800000, 0x04915fc8, 0x04c50000)
  from space 512K,  99% used [0x04c50000, 0x04ccfed0, 0x04cd0000)
  to   space 512K,   0% used [0x04cd0000, 0x04cd0000, 0x04d50000)
 tenured generation   total 10944K, used 996K [0x09d50000, 0x0a800000, 0x14800000)
   the space 10944K,   9% used [0x09d50000, 0x09e49240, 0x09e49400, 0x0a800000)
 Metaspace       used 6014K, capacity 6190K, committed 6272K, reserved 6528K

Card table byte_map: [0x04690000,0x04720000] byte_map_base: 0x0466c000

Polling page: 0x00db0000

CodeCache: size=32768Kb used=846Kb max_used=846Kb free=31921Kb
 bounds [0x02610000, 0x026e8000, 0x04610000]
 total_blobs=334 nmethods=152 adapters=121
 compilation: enabled

Compilation events (10 events):
Event: 0.279 Thread 0x15625400  148             java.lang.Object::equals (11 bytes)
Event: 0.279 Thread 0x15625400 nmethod 148 0x026e10c8 code [0x026e11c0, 0x026e1250]
Event: 0.280 Thread 0x15625400  149             java.util.HashMap::getNode (148 bytes)
Event: 0.280 Thread 0x15625400 nmethod 149 0x026e1288 code [0x026e13c0, 0x026e1614]
Event: 0.281 Thread 0x15625400  150             java.lang.String::toLowerCase (439 bytes)
Event: 0.281 Thread 0x15625400 nmethod 150 0x026e1848 code [0x026e1a50, 0x026e22d0]
Event: 0.284 Thread 0x15625400  151             java.util.HashMap::get (23 bytes)
Event: 0.284 Thread 0x15625400 nmethod 151 0x026e33c8 code [0x026e34e0, 0x026e35e8]
Event: 91.486 Thread 0x15625400  152             org.eclipse.jdt.launching.internal.org.objectweb.asm.ClassReader::readUnsignedShort (26 bytes)
Event: 91.486 Thread 0x15625400 nmethod 152 0x026e36c8 code [0x026e37c0, 0x026e3890]

GC Heap History (4 events):
Event: 0.192 GC heap before
{Heap before GC invocations=0 (full 0):
 def new generation   total 4928K, used 4416K [0x04800000, 0x04d50000, 0x09d50000)
  eden space 4416K, 100% used [0x04800000, 0x04c50000, 0x04c50000)
  from space 512K,   0% used [0x04c50000, 0x04c50000, 0x04cd0000)
  to   space 512K,   0% used [0x04cd0000, 0x04cd0000, 0x04d50000)
 tenured generation   total 10944K, used 0K [0x09d50000, 0x0a800000, 0x14800000)
   the space 10944K,   0% used [0x09d50000, 0x09d50000, 0x09d50200, 0x0a800000)
 Metaspace       used 3267K, capacity 3312K, committed 3392K, reserved 4480K
Event: 0.193 GC heap after
Heap after GC invocations=1 (full 0):
 def new generation   total 4928K, used 512K [0x04800000, 0x04d50000, 0x09d50000)
  eden space 4416K,   0% used [0x04800000, 0x04800000, 0x04c50000)
  from space 512K, 100% used [0x04cd0000, 0x04d50000, 0x04d50000)
  to   space 512K,   0% used [0x04c50000, 0x04c50000, 0x04cd0000)
 tenured generation   total 10944K, used 439K [0x09d50000, 0x0a800000, 0x14800000)
   the space 10944K,   4% used [0x09d50000, 0x09dbde90, 0x09dbe000, 0x0a800000)
 Metaspace       used 3267K, capacity 3312K, committed 3392K, reserved 4480K
}
Event: 0.270 GC heap before
{Heap before GC invocations=1 (full 0):
 def new generation   total 4928K, used 4928K [0x04800000, 0x04d50000, 0x09d50000)
  eden space 4416K, 100% used [0x04800000, 0x04c50000, 0x04c50000)
  from space 512K, 100% used [0x04cd0000, 0x04d50000, 0x04d50000)
  to   space 512K,   0% used [0x04c50000, 0x04c50000, 0x04cd0000)
 tenured generation   total 10944K, used 439K [0x09d50000, 0x0a800000, 0x14800000)
   the space 10944K,   4% used [0x09d50000, 0x09dbde90, 0x09dbe000, 0x0a800000)
 Metaspace       used 5374K, capacity 5562K, committed 5632K, reserved 6528K
Event: 0.271 GC heap after
Heap after GC invocations=2 (full 0):
 def new generation   total 4928K, used 511K [0x04800000, 0x04d50000, 0x09d50000)
  eden space 4416K,   0% used [0x04800000, 0x04800000, 0x04c50000)
  from space 512K,  99% used [0x04c50000, 0x04ccfed0, 0x04cd0000)
  to   space 512K,   0% used [0x04cd0000, 0x04cd0000, 0x04d50000)
 tenured generation   total 10944K, used 996K [0x09d50000, 0x0a800000, 0x14800000)
   the space 10944K,   9% used [0x09d50000, 0x09e49240, 0x09e49400, 0x0a800000)
 Metaspace       used 5374K, capacity 5562K, committed 5632K, reserved 6528K
}

Deoptimization events (0 events):
No events

Classes redefined (2 events):
Event: 91.487 Thread 0x00c23800 redefined class name=textScaffolder.TextScaffolder$1, count=1
Event: 91.487 Thread 0x00c23800 redefined class name=textScaffolder.TextScaffolder, count=1

Internal exceptions (8 events):
Event: 0.026 Thread 0x00b70c00 Exception <a 'java/lang/NoSuchMethodError': Method sun.misc.Unsafe.defineClass(Ljava/lang/String;[BII)Ljava/lang/Class; name or signature does not match> (0x04806ec8) thrown at [C:\jenkins\workspace\8-2-build-windows-i586-cygwin-sans-NAS\jdk8u481\2490\hot
Event: 0.026 Thread 0x00b70c00 Exception <a 'java/lang/NoSuchMethodError': Method sun.misc.Unsafe.prefetchRead(Ljava/lang/Object;J)V name or signature does not match> (0x04807198) thrown at [C:\jenkins\workspace\8-2-build-windows-i586-cygwin-sans-NAS\jdk8u481\2490\hotspot\src\share\vm\
Event: 0.217 Thread 0x00b70c00 Exception <a 'java/security/PrivilegedActionException'> (0x0497a6f8) thrown at [C:\jenkins\workspace\8-2-build-windows-i586-cygwin-sans-NAS\jdk8u481\2490\hotspot\src\share\vm\prims\jvm.cpp, line 1513]
Event: 0.217 Thread 0x00b70c00 Exception <a 'java/security/PrivilegedActionException'> (0x0497a8f8) thrown at [C:\jenkins\workspace\8-2-build-windows-i586-cygwin-sans-NAS\jdk8u481\2490\hotspot\src\share\vm\prims\jvm.cpp, line 1513]
Event: 0.220 Thread 0x00b70c00 Exception <a 'java/io/FileNotFoundException'> (0x049846c8) thrown at [C:\jenkins\workspace\8-2-build-windows-i586-cygwin-sans-NAS\jdk8u481\2490\hotspot\src\share\vm\prims\jni.cpp, line 710]
Event: 0.233 Thread 0x00b70c00 Exception <a 'java/lang/NoSuchFieldError': method resolution failed> (0x04a9d380) thrown at [C:\jenkins\workspace\8-2-build-windows-i586-cygwin-sans-NAS\jdk8u481\2490\hotspot\src\share\vm\prims\methodHandles.cpp, line 1184]
Event: 0.235 Thread 0x00b70c00 Exception <a 'java/lang/NoSuchFieldError': method resolution failed> (0x04aaa4b8) thrown at [C:\jenkins\workspace\8-2-build-windows-i586-cygwin-sans-NAS\jdk8u481\2490\hotspot\src\share\vm\prims\methodHandles.cpp, line 1184]
Event: 0.265 Thread 0x157ad000 Exception <a 'java/io/FileNotFoundException'> (0x04c35580) thrown at [C:\jenkins\workspace\8-2-build-windows-i586-cygwin-sans-NAS\jdk8u481\2490\hotspot\src\share\vm\prims\jni.cpp, line 710]

Events (10 events):
Event: 91.783 Executing VM operation: GetOwnedMonitorInfo done
Event: 91.783 Executing VM operation: GetCurrentContendedMonitor
Event: 91.783 Executing VM operation: GetCurrentContendedMonitor done
Event: 91.800 Executing VM operation: GetOwnedMonitorInfo
Event: 91.800 Executing VM operation: GetOwnedMonitorInfo done
Event: 91.800 Executing VM operation: GetCurrentContendedMonitor
Event: 91.800 Executing VM operation: GetCurrentContendedMonitor done
Event: 92.261 Executing VM operation: GetFrameLocation
Event: 92.261 Executing VM operation: GetFrameLocation done
Event: 92.261 Executing VM operation: GetOrSetLocal


Dynamic libraries:
0x001e0000 - 0x00223000 	C:\Program Files (x86)\Java\jre1.8.0_481\bin\javaw.exe
0x77170000 - 0x7732f000 	C:\WINDOWS\SYSTEM32\ntdll.dll
0x76550000 - 0x76640000 	C:\WINDOWS\System32\KERNEL32.DLL
0x768b0000 - 0x76b7a000 	C:\WINDOWS\System32\KERNELBASE.dll
0x75b70000 - 0x75bf2000 	C:\WINDOWS\System32\ADVAPI32.dll
0x76460000 - 0x76527000 	C:\WINDOWS\System32\msvcrt.dll
0x75ab0000 - 0x75b33000 	C:\WINDOWS\System32\sechost.dll
0x747b0000 - 0x7486c000 	C:\WINDOWS\System32\RPCRT4.dll
0x76ba0000 - 0x76d6f000 	C:\WINDOWS\System32\USER32.dll
0x76530000 - 0x7654a000 	C:\WINDOWS\System32\win32u.dll
0x75b40000 - 0x75b62000 	C:\WINDOWS\System32\GDI32.dll
0x745a0000 - 0x7468b000 	C:\WINDOWS\System32\gdi32full.dll
0x76e70000 - 0x76ef5000 	C:\WINDOWS\System32\msvcp_win.dll
0x76f90000 - 0x770a0000 	C:\WINDOWS\System32\ucrtbase.dll
0x73170000 - 0x73399000 	C:\WINDOWS\WinSxS\x86_microsoft.windows.common-controls_6595b64144ccf1df_6.0.26100.8115_none_85b49359f7b178a2\COMCTL32.dll
0x753d0000 - 0x753f5000 	C:\WINDOWS\System32\IMM32.DLL
0x73900000 - 0x73915000 	C:\Program Files (x86)\Java\jre1.8.0_481\bin\vcruntime140.dll
0x73890000 - 0x738fd000 	C:\Program Files (x86)\Java\jre1.8.0_481\bin\msvcp140.dll
0x72460000 - 0x72861000 	C:\Program Files (x86)\Java\jre1.8.0_481\bin\client\jvm.dll
0x76e60000 - 0x76e66000 	C:\WINDOWS\System32\PSAPI.DLL
0x74260000 - 0x74268000 	C:\WINDOWS\SYSTEM32\WSOCK32.dll
0x73850000 - 0x73883000 	C:\WINDOWS\SYSTEM32\WINMM.dll
0x74740000 - 0x747a9000 	C:\WINDOWS\System32\WS2_32.dll
0x73670000 - 0x73678000 	C:\WINDOWS\SYSTEM32\VERSION.dll
0x744b0000 - 0x744c5000 	C:\WINDOWS\SYSTEM32\kernel.appcore.dll
0x73cd0000 - 0x73cdd000 	C:\Program Files (x86)\Java\jre1.8.0_481\bin\verify.dll
0x737e0000 - 0x73804000 	C:\Program Files (x86)\Java\jre1.8.0_481\bin\java.dll
0x737b0000 - 0x737dc000 	C:\Program Files (x86)\Java\jre1.8.0_481\bin\jdwp.dll
0x73960000 - 0x73967000 	C:\Program Files (x86)\Java\jre1.8.0_481\bin\npt.dll
0x73760000 - 0x73790000 	C:\Program Files (x86)\Java\jre1.8.0_481\bin\instrument.dll
0x73830000 - 0x73846000 	C:\Program Files (x86)\Java\jre1.8.0_481\bin\zip.dll
0x74c10000 - 0x7524a000 	C:\WINDOWS\System32\SHELL32.dll
0x76650000 - 0x76749000 	C:\WINDOWS\System32\wintypes.dll
0x74970000 - 0x74c02000 	C:\WINDOWS\System32\combase.dll
0x75d10000 - 0x763f4000 	C:\WINDOWS\System32\windows.storage.dll
0x76d80000 - 0x76e52000 	C:\WINDOWS\System32\SHCORE.dll
0x76400000 - 0x76452000 	C:\WINDOWS\System32\shlwapi.dll
0x74310000 - 0x7432d000 	C:\WINDOWS\SYSTEM32\profapi.dll
0x73750000 - 0x73759000 	C:\Program Files (x86)\Java\jre1.8.0_481\bin\dt_socket.dll
0x73730000 - 0x73742000 	C:\WINDOWS\system32\napinsp.dll
0x73450000 - 0x734a4000 	C:\WINDOWS\System32\mswsock.dll
0x72e50000 - 0x72f3b000 	C:\WINDOWS\SYSTEM32\DNSAPI.dll
0x73a00000 - 0x73a25000 	C:\WINDOWS\SYSTEM32\IPHLPAPI.DLL
0x74960000 - 0x74967000 	C:\WINDOWS\System32\NSI.dll
0x73710000 - 0x7371f000 	C:\WINDOWS\System32\winrnr.dll
0x736f0000 - 0x73709000 	C:\WINDOWS\system32\nlansp_c.dll
0x736d0000 - 0x736e2000 	C:\WINDOWS\system32\wshbth.dll
0x72150000 - 0x721b2000 	C:\WINDOWS\System32\fwpuclnt.dll
0x73940000 - 0x73948000 	C:\Windows\System32\rasadhlp.dll
0x72cc0000 - 0x72e0e000 	C:\Program Files (x86)\Java\jre1.8.0_481\bin\awt.dll
0x74690000 - 0x7472f000 	C:\WINDOWS\System32\OLEAUT32.dll
0x72b40000 - 0x72bee000 	C:\WINDOWS\SYSTEM32\apphelp.dll
0x73970000 - 0x739f0000 	C:\WINDOWS\system32\uxtheme.dll
0x75920000 - 0x75a38000 	C:\WINDOWS\System32\MSCTF.dll
0x76750000 - 0x768a3000 	C:\WINDOWS\System32\ole32.dll
0x748e0000 - 0x74954000 	C:\WINDOWS\System32\bcryptPrimitives.dll
0x736a0000 - 0x736c6000 	C:\WINDOWS\system32\DWMAPI.DLL
0x73520000 - 0x73605000 	C:\WINDOWS\system32\opengl32.dll
0x733e0000 - 0x73422000 	C:\WINDOWS\SYSTEM32\GLU32.dll
0x733a0000 - 0x733d6000 	C:\WINDOWS\SYSTEM32\dxcore.dll
0x72270000 - 0x72450000 	C:\WINDOWS\SYSTEM32\dbghelp.dll

VM Arguments:
jvm_args: -agentlib:jdwp=transport=dt_socket,suspend=y,address=localhost:49677 -javaagent:C:\Users\Lydia\eclipse\java-2025-12\eclipse\configuration\org.eclipse.osgi\634\0\.cp\lib\javaagent-shaded.jar -Dfile.encoding=UTF-8 -Dstdout.encoding=UTF-8 -Dstderr.encoding=UTF-8 
java_command: textScaffolder.TextScaffolder
java_class_path (initial): C:\Users\Lydia\eclipse-workspace\CS1410_TeamAssignment\bin;C:\Users\Lydia\eclipse-workspace\CS1410_TeamAssignment\com.jgoodies.common_1.8.1.v20240327-0800.jar;C:\Users\Lydia\eclipse-workspace\CS1410_TeamAssignment\com.jgoodies.forms_1.9.0.v20240327-0800.jar;C:\Users\Lydia\eclipse\java-2025-12\eclipse\configuration\org.eclipse.osgi\634\0\.cp\lib\javaagent-shaded.jar
Launcher Type: SUN_STANDARD

Environment Variables:
PATH=C:/Users/Lydia/.p2/pool/plugins/org.eclipse.justj.openjdk.hotspot.jre.full.win32.x86_64_21.0.9.v20251105-0741/jre/bin/server;C:/Users/Lydia/.p2/pool/plugins/org.eclipse.justj.openjdk.hotspot.jre.full.win32.x86_64_21.0.9.v20251105-0741/jre/bin;C:\Program Files\Common Files\Oracle\Java\javapath;C:\Program Files (x86)\Common Files\Oracle\Java\java8path;C:\Program Files (x86)\Common Files\Oracle\Java\javapath;C:\WINDOWS\system32;C:\WINDOWS;C:\WINDOWS\System32\Wbem;C:\WINDOWS\System32\WindowsPowerShell\v1.0\;C:\WINDOWS\System32\OpenSSH\;C:\Program Files\dotnet\;C:\Program Files (x86)\NVIDIA Corporation\PhysX\Common;C:\Program Files\NVIDIA Corporation\NVIDIA App\NvDLISR;C:\Program Files\Microsoft VS Code\bin;C:\Program Files\Microsoft SQL Server\170\Tools\Binn\;C:\Program Files\Microsoft SQL Server\Client SDK\ODBC\170\Tools\Binn\;C:\Program Files\Git\cmd;C:\Users\Lydia\AppData\Local\Microsoft\WindowsApps;C:\Users\Lydia\AppData\Local\GitHubDesktop\bin;C:\Users\Lydia\.dotnet\tools;C:\Users\Lydia\AppData\Local\Python\bin;C:\WINDOWS\system32;
USERNAME=Lydia
OS=Windows_NT
PROCESSOR_IDENTIFIER=Intel64 Family 6 Model 186 Stepping 2, GenuineIntel



---------------  S Y S T E M  ---------------

OS: Windows 11 , 64 bit Build 26100 (10.0.26100.8246)

CPU:total 16 (initial active 16) (8 cores per cpu, 2 threads per core) family 6 model 186 stepping 2, cmov, cx8, fxsr, mmx, sse, sse2, sse3, ssse3, sse4.1, sse4.2, popcnt, avx, avx2, aes, clmul, erms, 3dnowpref, lzcnt, ht, tsc, tscinvbit, bmi1, bmi2, adx

Memory: 4k page, physical 16470736k(1860116k free), swap 47928016k(12215540k free)

vm_info: Java HotSpot(TM) Client VM (25.481-b10) for windows-x86 JRE (1.8.0_481-b10), built on Dec 18 2025 14:31:53 by "java_re" with MS VC++ 17.6 (VS2022)

time: Thu May  7 18:27:41 2026
timezone: Mountain Daylight Time
elapsed time: 92.275853 seconds (0d 0h 1m 32s)

